The system is: Linux - 4.4.23-linaro-lt-qcom - aarch64
Compiling the CXX compiler identification source file "CMakeCXXCompilerId.cpp" succeeded.
Compiler: /usr/bin/c++ 
Build flags: 
Id flags: 

The output was:
0


Compilation of the CXX compiler identification source "CMakeCXXCompilerId.cpp" produced "a.out"

The CXX compiler identification is GNU, found in "/media/linaro/OpenCV/OpenCV/opencv/opencv-3.2.0/release/CMakeFiles/3.6.2/CompilerIdCXX/a.out"

Compiling the C compiler identification source file "CMakeCCompilerId.c" succeeded.
Compiler: /usr/bin/cc 
Build flags: 
Id flags: 

The output was:
0


Compilation of the C compiler identification source "CMakeCCompilerId.c" produced "a.out"

The C compiler identification is GNU, found in "/media/linaro/OpenCV/OpenCV/opencv/opencv-3.2.0/release/CMakeFiles/3.6.2/CompilerIdC/a.out"

Determining if the CXX compiler works passed with the following output:
Change Dir: /media/linaro/OpenCV/OpenCV/opencv/opencv-3.2.0/release/CMakeFiles/CMakeTmp

Run Build Command:"/usr/bin/make" "cmTC_7d908/fast"
/usr/bin/make -f CMakeFiles/cmTC_7d908.dir/build.make CMakeFiles/cmTC_7d908.dir/build
make[1]: Entering directory '/media/linaro/OpenCV/OpenCV/opencv/opencv-3.2.0/release/CMakeFiles/CMakeTmp'
Building CXX object CMakeFiles/cmTC_7d908.dir/testCXXCompiler.cxx.o
/usr/bin/c++      -o CMakeFiles/cmTC_7d908.dir/testCXXCompiler.cxx.o -c /media/linaro/OpenCV/OpenCV/opencv/opencv-3.2.0/release/CMakeFiles/CMakeTmp/testCXXCompiler.cxx
Linking CXX executable cmTC_7d908
/usr/bin/cmake -E cmake_link_script CMakeFiles/cmTC_7d908.dir/link.txt --verbose=1
/usr/bin/c++        CMakeFiles/cmTC_7d908.dir/testCXXCompiler.cxx.o  -o cmTC_7d908 -rdynamic 
make[1]: Leaving directory '/media/linaro/OpenCV/OpenCV/opencv/opencv-3.2.0/release/CMakeFiles/CMakeTmp'


Detecting CXX compiler ABI info compiled with the following output:
Change Dir: /media/linaro/OpenCV/OpenCV/opencv/opencv-3.2.0/release/CMakeFiles/CMakeTmp

Run Build Command:"/usr/bin/make" "cmTC_e17c0/fast"
/usr/bin/make -f CMakeFiles/cmTC_e17c0.dir/build.make CMakeFiles/cmTC_e17c0.dir/build
make[1]: Entering directory '/media/linaro/OpenCV/OpenCV/opencv/opencv-3.2.0/release/CMakeFiles/CMakeTmp'
Building CXX object CMakeFiles/cmTC_e17c0.dir/CMakeCXXCompilerABI.cpp.o
/usr/bin/c++      -o CMakeFiles/cmTC_e17c0.dir/CMakeCXXCompilerABI.cpp.o -c /usr/share/cmake-3.6/Modules/CMakeCXXCompilerABI.cpp
Linking CXX executable cmTC_e17c0
/usr/bin/cmake -E cmake_link_script CMakeFiles/cmTC_e17c0.dir/link.txt --verbose=1
/usr/bin/c++       -v CMakeFiles/cmTC_e17c0.dir/CMakeCXXCompilerABI.cpp.o  -o cmTC_e17c0 -rdynamic  
Using built-in specs.
COLLECT_GCC=/usr/bin/c++
COLLECT_LTO_WRAPPER=/usr/lib/gcc/aarch64-linux-gnu/4.9/lto-wrapper
Target: aarch64-linux-gnu
Configured with: ../src/configure -v --with-pkgversion='Debian/Linaro 4.9.2-10' --with-bugurl=file:///usr/share/doc/gcc-4.9/README.Bugs --enable-languages=c,c++,java,go,d,fortran,objc,obj-c++ --prefix=/usr --program-suffix=-4.9 --enable-shared --enable-linker-build-id --libexecdir=/usr/lib --without-included-gettext --enable-threads=posix --with-gxx-include-dir=/usr/include/c++/4.9 --libdir=/usr/lib --enable-nls --with-sysroot=/ --enable-clocale=gnu --enable-libstdcxx-debug --enable-libstdcxx-time=yes --enable-gnu-unique-object --disable-libsanitizer --disable-libquadmath --enable-plugin --with-system-zlib --disable-browser-plugin --enable-java-awt=gtk --enable-gtk-cairo --with-java-home=/usr/lib/jvm/java-1.5.0-gcj-4.9-arm64/jre --enable-java-home --with-jvm-root-dir=/usr/lib/jvm/java-1.5.0-gcj-4.9-arm64 --with-jvm-jar-dir=/usr/lib/jvm-exports/java-1.5.0-gcj-4.9-arm64 --with-arch-directory=arm64 --with-ecj-jar=/usr/share/java/eclipse-ecj.jar --enable-multiarch --enable-checking=release --build=aarch64-linux-gnu --host=aarch64-linux-gnu --target=aarch64-linux-gnu
Thread model: posix
gcc version 4.9.2 (Debian/Linaro 4.9.2-10) 
COMPILER_PATH=/usr/lib/gcc/aarch64-linux-gnu/4.9/:/usr/lib/gcc/aarch64-linux-gnu/4.9/:/usr/lib/gcc/aarch64-linux-gnu/:/usr/lib/gcc/aarch64-linux-gnu/4.9/:/usr/lib/gcc/aarch64-linux-gnu/
LIBRARY_PATH=/usr/lib/gcc/aarch64-linux-gnu/4.9/:/usr/lib/gcc/aarch64-linux-gnu/4.9/../../../aarch64-linux-gnu/:/usr/lib/gcc/aarch64-linux-gnu/4.9/../../../../lib/:/lib/aarch64-linux-gnu/:/lib/../lib/:/usr/lib/aarch64-linux-gnu/:/usr/lib/../lib/:/usr/lib/gcc/aarch64-linux-gnu/4.9/../../../:/lib/:/usr/lib/
COLLECT_GCC_OPTIONS='-v' '-o' 'cmTC_e17c0' '-rdynamic' '-shared-libgcc' '-mlittle-endian' '-mabi=lp64'
 /usr/lib/gcc/aarch64-linux-gnu/4.9/collect2 -plugin /usr/lib/gcc/aarch64-linux-gnu/4.9/liblto_plugin.so -plugin-opt=/usr/lib/gcc/aarch64-linux-gnu/4.9/lto-wrapper -plugin-opt=-fresolution=/tmp/ccqskN0z.res -plugin-opt=-pass-through=-lgcc_s -plugin-opt=-pass-through=-lgcc -plugin-opt=-pass-through=-lc -plugin-opt=-pass-through=-lgcc_s -plugin-opt=-pass-through=-lgcc --sysroot=/ --build-id --eh-frame-hdr --hash-style=gnu -export-dynamic -dynamic-linker /lib/ld-linux-aarch64.so.1 -X -EL -maarch64linux -o cmTC_e17c0 /usr/lib/gcc/aarch64-linux-gnu/4.9/../../../aarch64-linux-gnu/crt1.o /usr/lib/gcc/aarch64-linux-gnu/4.9/../../../aarch64-linux-gnu/crti.o /usr/lib/gcc/aarch64-linux-gnu/4.9/crtbegin.o -L/usr/lib/gcc/aarch64-linux-gnu/4.9 -L/usr/lib/gcc/aarch64-linux-gnu/4.9/../../../aarch64-linux-gnu -L/usr/lib/gcc/aarch64-linux-gnu/4.9/../../../../lib -L/lib/aarch64-linux-gnu -L/lib/../lib -L/usr/lib/aarch64-linux-gnu -L/usr/lib/../lib -L/usr/lib/gcc/aarch64-linux-gnu/4.9/../../.. CMakeFiles/cmTC_e17c0.dir/CMakeCXXCompilerABI.cpp.o -lstdc++ -lm -lgcc_s -lgcc -lc -lgcc_s -lgcc /usr/lib/gcc/aarch64-linux-gnu/4.9/crtend.o /usr/lib/gcc/aarch64-linux-gnu/4.9/../../../aarch64-linux-gnu/crtn.o
make[1]: Leaving directory '/media/linaro/OpenCV/OpenCV/opencv/opencv-3.2.0/release/CMakeFiles/CMakeTmp'


Parsed CXX implicit link information from above output:
  link line regex: [^( *|.*[/\])(ld|([^/\]+-)?ld|collect2)[^/\]*( |$)]
  ignore line: [Change Dir: /media/linaro/OpenCV/OpenCV/opencv/opencv-3.2.0/release/CMakeFiles/CMakeTmp]
  ignore line: []
  ignore line: [Run Build Command:"/usr/bin/make" "cmTC_e17c0/fast"]
  ignore line: [/usr/bin/make -f CMakeFiles/cmTC_e17c0.dir/build.make CMakeFiles/cmTC_e17c0.dir/build]
  ignore line: [make[1]: Entering directory '/media/linaro/OpenCV/OpenCV/opencv/opencv-3.2.0/release/CMakeFiles/CMakeTmp']
  ignore line: [Building CXX object CMakeFiles/cmTC_e17c0.dir/CMakeCXXCompilerABI.cpp.o]
  ignore line: [/usr/bin/c++      -o CMakeFiles/cmTC_e17c0.dir/CMakeCXXCompilerABI.cpp.o -c /usr/share/cmake-3.6/Modules/CMakeCXXCompilerABI.cpp]
  ignore line: [Linking CXX executable cmTC_e17c0]
  ignore line: [/usr/bin/cmake -E cmake_link_script CMakeFiles/cmTC_e17c0.dir/link.txt --verbose=1]
  ignore line: [/usr/bin/c++       -v CMakeFiles/cmTC_e17c0.dir/CMakeCXXCompilerABI.cpp.o  -o cmTC_e17c0 -rdynamic  ]
  ignore line: [Using built-in specs.]
  ignore line: [COLLECT_GCC=/usr/bin/c++]
  ignore line: [COLLECT_LTO_WRAPPER=/usr/lib/gcc/aarch64-linux-gnu/4.9/lto-wrapper]
  ignore line: [Target: aarch64-linux-gnu]
  ignore line: [Configured with: ../src/configure -v --with-pkgversion='Debian/Linaro 4.9.2-10' --with-bugurl=file:///usr/share/doc/gcc-4.9/README.Bugs --enable-languages=c,c++,java,go,d,fortran,objc,obj-c++ --prefix=/usr --program-suffix=-4.9 --enable-shared --enable-linker-build-id --libexecdir=/usr/lib --without-included-gettext --enable-threads=posix --with-gxx-include-dir=/usr/include/c++/4.9 --libdir=/usr/lib --enable-nls --with-sysroot=/ --enable-clocale=gnu --enable-libstdcxx-debug --enable-libstdcxx-time=yes --enable-gnu-unique-object --disable-libsanitizer --disable-libquadmath --enable-plugin --with-system-zlib --disable-browser-plugin --enable-java-awt=gtk --enable-gtk-cairo --with-java-home=/usr/lib/jvm/java-1.5.0-gcj-4.9-arm64/jre --enable-java-home --with-jvm-root-dir=/usr/lib/jvm/java-1.5.0-gcj-4.9-arm64 --with-jvm-jar-dir=/usr/lib/jvm-exports/java-1.5.0-gcj-4.9-arm64 --with-arch-directory=arm64 --with-ecj-jar=/usr/share/java/eclipse-ecj.jar --enable-multiarch --enable-checking=release --build=aarch64-linux-gnu --host=aarch64-linux-gnu --target=aarch64-linux-gnu]
  ignore line: [Thread model: posix]
  ignore line: [gcc version 4.9.2 (Debian/Linaro 4.9.2-10) ]
  ignore line: [COMPILER_PATH=/usr/lib/gcc/aarch64-linux-gnu/4.9/:/usr/lib/gcc/aarch64-linux-gnu/4.9/:/usr/lib/gcc/aarch64-linux-gnu/:/usr/lib/gcc/aarch64-linux-gnu/4.9/:/usr/lib/gcc/aarch64-linux-gnu/]
  ignore line: [LIBRARY_PATH=/usr/lib/gcc/aarch64-linux-gnu/4.9/:/usr/lib/gcc/aarch64-linux-gnu/4.9/../../../aarch64-linux-gnu/:/usr/lib/gcc/aarch64-linux-gnu/4.9/../../../../lib/:/lib/aarch64-linux-gnu/:/lib/../lib/:/usr/lib/aarch64-linux-gnu/:/usr/lib/../lib/:/usr/lib/gcc/aarch64-linux-gnu/4.9/../../../:/lib/:/usr/lib/]
  ignore line: [COLLECT_GCC_OPTIONS='-v' '-o' 'cmTC_e17c0' '-rdynamic' '-shared-libgcc' '-mlittle-endian' '-mabi=lp64']
  link line: [ /usr/lib/gcc/aarch64-linux-gnu/4.9/collect2 -plugin /usr/lib/gcc/aarch64-linux-gnu/4.9/liblto_plugin.so -plugin-opt=/usr/lib/gcc/aarch64-linux-gnu/4.9/lto-wrapper -plugin-opt=-fresolution=/tmp/ccqskN0z.res -plugin-opt=-pass-through=-lgcc_s -plugin-opt=-pass-through=-lgcc -plugin-opt=-pass-through=-lc -plugin-opt=-pass-through=-lgcc_s -plugin-opt=-pass-through=-lgcc --sysroot=/ --build-id --eh-frame-hdr --hash-style=gnu -export-dynamic -dynamic-linker /lib/ld-linux-aarch64.so.1 -X -EL -maarch64linux -o cmTC_e17c0 /usr/lib/gcc/aarch64-linux-gnu/4.9/../../../aarch64-linux-gnu/crt1.o /usr/lib/gcc/aarch64-linux-gnu/4.9/../../../aarch64-linux-gnu/crti.o /usr/lib/gcc/aarch64-linux-gnu/4.9/crtbegin.o -L/usr/lib/gcc/aarch64-linux-gnu/4.9 -L/usr/lib/gcc/aarch64-linux-gnu/4.9/../../../aarch64-linux-gnu -L/usr/lib/gcc/aarch64-linux-gnu/4.9/../../../../lib -L/lib/aarch64-linux-gnu -L/lib/../lib -L/usr/lib/aarch64-linux-gnu -L/usr/lib/../lib -L/usr/lib/gcc/aarch64-linux-gnu/4.9/../../.. CMakeFiles/cmTC_e17c0.dir/CMakeCXXCompilerABI.cpp.o -lstdc++ -lm -lgcc_s -lgcc -lc -lgcc_s -lgcc /usr/lib/gcc/aarch64-linux-gnu/4.9/crtend.o /usr/lib/gcc/aarch64-linux-gnu/4.9/../../../aarch64-linux-gnu/crtn.o]
    arg [/usr/lib/gcc/aarch64-linux-gnu/4.9/collect2] ==> ignore
    arg [-plugin] ==> ignore
    arg [/usr/lib/gcc/aarch64-linux-gnu/4.9/liblto_plugin.so] ==> ignore
    arg [-plugin-opt=/usr/lib/gcc/aarch64-linux-gnu/4.9/lto-wrapper] ==> ignore
    arg [-plugin-opt=-fresolution=/tmp/ccqskN0z.res] ==> ignore
    arg [-plugin-opt=-pass-through=-lgcc_s] ==> ignore
    arg [-plugin-opt=-pass-through=-lgcc] ==> ignore
    arg [-plugin-opt=-pass-through=-lc] ==> ignore
    arg [-plugin-opt=-pass-through=-lgcc_s] ==> ignore
    arg [-plugin-opt=-pass-through=-lgcc] ==> ignore
    arg [--sysroot=/] ==> ignore
    arg [--build-id] ==> ignore
    arg [--eh-frame-hdr] ==> ignore
    arg [--hash-style=gnu] ==> ignore
    arg [-export-dynamic] ==> ignore
    arg [-dynamic-linker] ==> ignore
    arg [/lib/ld-linux-aarch64.so.1] ==> ignore
    arg [-X] ==> ignore
    arg [-EL] ==> ignore
    arg [-maarch64linux] ==> ignore
    arg [-o] ==> ignore
    arg [cmTC_e17c0] ==> ignore
    arg [/usr/lib/gcc/aarch64-linux-gnu/4.9/../../../aarch64-linux-gnu/crt1.o] ==> ignore
    arg [/usr/lib/gcc/aarch64-linux-gnu/4.9/../../../aarch64-linux-gnu/crti.o] ==> ignore
    arg [/usr/lib/gcc/aarch64-linux-gnu/4.9/crtbegin.o] ==> ignore
    arg [-L/usr/lib/gcc/aarch64-linux-gnu/4.9] ==> dir [/usr/lib/gcc/aarch64-linux-gnu/4.9]
    arg [-L/usr/lib/gcc/aarch64-linux-gnu/4.9/../../../aarch64-linux-gnu] ==> dir [/usr/lib/gcc/aarch64-linux-gnu/4.9/../../../aarch64-linux-gnu]
    arg [-L/usr/lib/gcc/aarch64-linux-gnu/4.9/../../../../lib] ==> dir [/usr/lib/gcc/aarch64-linux-gnu/4.9/../../../../lib]
    arg [-L/lib/aarch64-linux-gnu] ==> dir [/lib/aarch64-linux-gnu]
    arg [-L/lib/../lib] ==> dir [/lib/../lib]
    arg [-L/usr/lib/aarch64-linux-gnu] ==> dir [/usr/lib/aarch64-linux-gnu]
    arg [-L/usr/lib/../lib] ==> dir [/usr/lib/../lib]
    arg [-L/usr/lib/gcc/aarch64-linux-gnu/4.9/../../..] ==> dir [/usr/lib/gcc/aarch64-linux-gnu/4.9/../../..]
    arg [CMakeFiles/cmTC_e17c0.dir/CMakeCXXCompilerABI.cpp.o] ==> ignore
    arg [-lstdc++] ==> lib [stdc++]
    arg [-lm] ==> lib [m]
    arg [-lgcc_s] ==> lib [gcc_s]
    arg [-lgcc] ==> lib [gcc]
    arg [-lc] ==> lib [c]
    arg [-lgcc_s] ==> lib [gcc_s]
    arg [-lgcc] ==> lib [gcc]
    arg [/usr/lib/gcc/aarch64-linux-gnu/4.9/crtend.o] ==> ignore
    arg [/usr/lib/gcc/aarch64-linux-gnu/4.9/../../../aarch64-linux-gnu/crtn.o] ==> ignore
  remove lib [gcc_s]
  remove lib [gcc]
  remove lib [gcc_s]
  remove lib [gcc]
  collapse library dir [/usr/lib/gcc/aarch64-linux-gnu/4.9] ==> [/usr/lib/gcc/aarch64-linux-gnu/4.9]
  collapse library dir [/usr/lib/gcc/aarch64-linux-gnu/4.9/../../../aarch64-linux-gnu] ==> [/usr/lib/aarch64-linux-gnu]
  collapse library dir [/usr/lib/gcc/aarch64-linux-gnu/4.9/../../../../lib] ==> [/usr/lib]
  collapse library dir [/lib/aarch64-linux-gnu] ==> [/lib/aarch64-linux-gnu]
  collapse library dir [/lib/../lib] ==> [/lib]
  collapse library dir [/usr/lib/aarch64-linux-gnu] ==> [/usr/lib/aarch64-linux-gnu]
  collapse library dir [/usr/lib/../lib] ==> [/usr/lib]
  collapse library dir [/usr/lib/gcc/aarch64-linux-gnu/4.9/../../..] ==> [/usr/lib]
  implicit libs: [stdc++;m;c]
  implicit dirs: [/usr/lib/gcc/aarch64-linux-gnu/4.9;/usr/lib/aarch64-linux-gnu;/usr/lib;/lib/aarch64-linux-gnu;/lib]
  implicit fwks: []




Detecting CXX [-std=c++14] compiler features compiled with the following output:
Change Dir: /media/linaro/OpenCV/OpenCV/opencv/opencv-3.2.0/release/CMakeFiles/CMakeTmp

Run Build Command:"/usr/bin/make" "cmTC_ab4b4/fast"
/usr/bin/make -f CMakeFiles/cmTC_ab4b4.dir/build.make CMakeFiles/cmTC_ab4b4.dir/build
make[1]: Entering directory '/media/linaro/OpenCV/OpenCV/opencv/opencv-3.2.0/release/CMakeFiles/CMakeTmp'
Building CXX object CMakeFiles/cmTC_ab4b4.dir/feature_tests.cxx.o
/usr/bin/c++     -std=c++14 -o CMakeFiles/cmTC_ab4b4.dir/feature_tests.cxx.o -c /media/linaro/OpenCV/OpenCV/opencv/opencv-3.2.0/release/CMakeFiles/feature_tests.cxx
Linking CXX executable cmTC_ab4b4
/usr/bin/cmake -E cmake_link_script CMakeFiles/cmTC_ab4b4.dir/link.txt --verbose=1
/usr/bin/c++        CMakeFiles/cmTC_ab4b4.dir/feature_tests.cxx.o  -o cmTC_ab4b4 -rdynamic 
make[1]: Leaving directory '/media/linaro/OpenCV/OpenCV/opencv/opencv-3.2.0/release/CMakeFiles/CMakeTmp'


    Feature record: CXX_FEATURE:0cxx_aggregate_default_initializers
    Feature record: CXX_FEATURE:1cxx_alias_templates
    Feature record: CXX_FEATURE:1cxx_alignas
    Feature record: CXX_FEATURE:1cxx_alignof
    Feature record: CXX_FEATURE:1cxx_attributes
    Feature record: CXX_FEATURE:1cxx_attribute_deprecated
    Feature record: CXX_FEATURE:1cxx_auto_type
    Feature record: CXX_FEATURE:1cxx_binary_literals
    Feature record: CXX_FEATURE:1cxx_constexpr
    Feature record: CXX_FEATURE:1cxx_contextual_conversions
    Feature record: CXX_FEATURE:1cxx_decltype
    Feature record: CXX_FEATURE:1cxx_decltype_auto
    Feature record: CXX_FEATURE:1cxx_decltype_incomplete_return_types
    Feature record: CXX_FEATURE:1cxx_default_function_template_args
    Feature record: CXX_FEATURE:1cxx_defaulted_functions
    Feature record: CXX_FEATURE:1cxx_defaulted_move_initializers
    Feature record: CXX_FEATURE:1cxx_delegating_constructors
    Feature record: CXX_FEATURE:1cxx_deleted_functions
    Feature record: CXX_FEATURE:1cxx_digit_separators
    Feature record: CXX_FEATURE:1cxx_enum_forward_declarations
    Feature record: CXX_FEATURE:1cxx_explicit_conversions
    Feature record: CXX_FEATURE:1cxx_extended_friend_declarations
    Feature record: CXX_FEATURE:1cxx_extern_templates
    Feature record: CXX_FEATURE:1cxx_final
    Feature record: CXX_FEATURE:1cxx_func_identifier
    Feature record: CXX_FEATURE:1cxx_generalized_initializers
    Feature record: CXX_FEATURE:1cxx_generic_lambdas
    Feature record: CXX_FEATURE:1cxx_inheriting_constructors
    Feature record: CXX_FEATURE:1cxx_inline_namespaces
    Feature record: CXX_FEATURE:1cxx_lambdas
    Feature record: CXX_FEATURE:1cxx_lambda_init_captures
    Feature record: CXX_FEATURE:1cxx_local_type_template_args
    Feature record: CXX_FEATURE:1cxx_long_long_type
    Feature record: CXX_FEATURE:1cxx_noexcept
    Feature record: CXX_FEATURE:1cxx_nonstatic_member_init
    Feature record: CXX_FEATURE:1cxx_nullptr
    Feature record: CXX_FEATURE:1cxx_override
    Feature record: CXX_FEATURE:1cxx_range_for
    Feature record: CXX_FEATURE:1cxx_raw_string_literals
    Feature record: CXX_FEATURE:1cxx_reference_qualified_functions
    Feature record: CXX_FEATURE:0cxx_relaxed_constexpr
    Feature record: CXX_FEATURE:1cxx_return_type_deduction
    Feature record: CXX_FEATURE:1cxx_right_angle_brackets
    Feature record: CXX_FEATURE:1cxx_rvalue_references
    Feature record: CXX_FEATURE:1cxx_sizeof_member
    Feature record: CXX_FEATURE:1cxx_static_assert
    Feature record: CXX_FEATURE:1cxx_strong_enums
    Feature record: CXX_FEATURE:1cxx_template_template_parameters
    Feature record: CXX_FEATURE:1cxx_thread_local
    Feature record: CXX_FEATURE:1cxx_trailing_return_types
    Feature record: CXX_FEATURE:1cxx_unicode_literals
    Feature record: CXX_FEATURE:1cxx_uniform_initialization
    Feature record: CXX_FEATURE:1cxx_unrestricted_unions
    Feature record: CXX_FEATURE:1cxx_user_literals
    Feature record: CXX_FEATURE:0cxx_variable_templates
    Feature record: CXX_FEATURE:1cxx_variadic_macros
    Feature record: CXX_FEATURE:1cxx_variadic_templates


Detecting CXX [-std=c++11] compiler features compiled with the following output:
Change Dir: /media/linaro/OpenCV/OpenCV/opencv/opencv-3.2.0/release/CMakeFiles/CMakeTmp

Run Build Command:"/usr/bin/make" "cmTC_bfdea/fast"
/usr/bin/make -f CMakeFiles/cmTC_bfdea.dir/build.make CMakeFiles/cmTC_bfdea.dir/build
make[1]: Entering directory '/media/linaro/OpenCV/OpenCV/opencv/opencv-3.2.0/release/CMakeFiles/CMakeTmp'
Building CXX object CMakeFiles/cmTC_bfdea.dir/feature_tests.cxx.o
/usr/bin/c++     -std=c++11 -o CMakeFiles/cmTC_bfdea.dir/feature_tests.cxx.o -c /media/linaro/OpenCV/OpenCV/opencv/opencv-3.2.0/release/CMakeFiles/feature_tests.cxx
Linking CXX executable cmTC_bfdea
/usr/bin/cmake -E cmake_link_script CMakeFiles/cmTC_bfdea.dir/link.txt --verbose=1
/usr/bin/c++        CMakeFiles/cmTC_bfdea.dir/feature_tests.cxx.o  -o cmTC_bfdea -rdynamic 
make[1]: Leaving directory '/media/linaro/OpenCV/OpenCV/opencv/opencv-3.2.0/release/CMakeFiles/CMakeTmp'


    Feature record: CXX_FEATURE:0cxx_aggregate_default_initializers
    Feature record: CXX_FEATURE:1cxx_alias_templates
    Feature record: CXX_FEATURE:1cxx_alignas
    Feature record: CXX_FEATURE:1cxx_alignof
    Feature record: CXX_FEATURE:1cxx_attributes
    Feature record: CXX_FEATURE:0cxx_attribute_deprecated
    Feature record: CXX_FEATURE:1cxx_auto_type
    Feature record: CXX_FEATURE:0cxx_binary_literals
    Feature record: CXX_FEATURE:1cxx_constexpr
    Feature record: CXX_FEATURE:0cxx_contextual_conversions
    Feature record: CXX_FEATURE:1cxx_decltype
    Feature record: CXX_FEATURE:0cxx_decltype_auto
    Feature record: CXX_FEATURE:1cxx_decltype_incomplete_return_types
    Feature record: CXX_FEATURE:1cxx_default_function_template_args
    Feature record: CXX_FEATURE:1cxx_defaulted_functions
    Feature record: CXX_FEATURE:1cxx_defaulted_move_initializers
    Feature record: CXX_FEATURE:1cxx_delegating_constructors
    Feature record: CXX_FEATURE:1cxx_deleted_functions
    Feature record: CXX_FEATURE:0cxx_digit_separators
    Feature record: CXX_FEATURE:1cxx_enum_forward_declarations
    Feature record: CXX_FEATURE:1cxx_explicit_conversions
    Feature record: CXX_FEATURE:1cxx_extended_friend_declarations
    Feature record: CXX_FEATURE:1cxx_extern_templates
    Feature record: CXX_FEATURE:1cxx_final
    Feature record: CXX_FEATURE:1cxx_func_identifier
    Feature record: CXX_FEATURE:1cxx_generalized_initializers
    Feature record: CXX_FEATURE:0cxx_generic_lambdas
    Feature record: CXX_FEATURE:1cxx_inheriting_constructors
    Feature record: CXX_FEATURE:1cxx_inline_namespaces
    Feature record: CXX_FEATURE:1cxx_lambdas
    Feature record: CXX_FEATURE:0cxx_lambda_init_captures
    Feature record: CXX_FEATURE:1cxx_local_type_template_args
    Feature record: CXX_FEATURE:1cxx_long_long_type
    Feature record: CXX_FEATURE:1cxx_noexcept
    Feature record: CXX_FEATURE:1cxx_nonstatic_member_init
    Feature record: CXX_FEATURE:1cxx_nullptr
    Feature record: CXX_FEATURE:1cxx_override
    Feature record: CXX_FEATURE:1cxx_range_for
    Feature record: CXX_FEATURE:1cxx_raw_string_literals
    Feature record: CXX_FEATURE:1cxx_reference_qualified_functions
    Feature record: CXX_FEATURE:0cxx_relaxed_constexpr
    Feature record: CXX_FEATURE:0cxx_return_type_deduction
    Feature record: CXX_FEATURE:1cxx_right_angle_brackets
    Feature record: CXX_FEATURE:1cxx_rvalue_references
    Feature record: CXX_FEATURE:1cxx_sizeof_member
    Feature record: CXX_FEATURE:1cxx_static_assert
    Feature record: CXX_FEATURE:1cxx_strong_enums
    Feature record: CXX_FEATURE:1cxx_template_template_parameters
    Feature record: CXX_FEATURE:1cxx_thread_local
    Feature record: CXX_FEATURE:1cxx_trailing_return_types
    Feature record: CXX_FEATURE:1cxx_unicode_literals
    Feature record: CXX_FEATURE:1cxx_uniform_initialization
    Feature record: CXX_FEATURE:1cxx_unrestricted_unions
    Feature record: CXX_FEATURE:1cxx_user_literals
    Feature record: CXX_FEATURE:0cxx_variable_templates
    Feature record: CXX_FEATURE:1cxx_variadic_macros
    Feature record: CXX_FEATURE:1cxx_variadic_templates


Detecting CXX [-std=c++98] compiler features compiled with the following output:
Change Dir: /media/linaro/OpenCV/OpenCV/opencv/opencv-3.2.0/release/CMakeFiles/CMakeTmp

Run Build Command:"/usr/bin/make" "cmTC_27176/fast"
/usr/bin/make -f CMakeFiles/cmTC_27176.dir/build.make CMakeFiles/cmTC_27176.dir/build
make[1]: Entering directory '/media/linaro/OpenCV/OpenCV/opencv/opencv-3.2.0/release/CMakeFiles/CMakeTmp'
Building CXX object CMakeFiles/cmTC_27176.dir/feature_tests.cxx.o
/usr/bin/c++     -std=c++98 -o CMakeFiles/cmTC_27176.dir/feature_tests.cxx.o -c /media/linaro/OpenCV/OpenCV/opencv/opencv-3.2.0/release/CMakeFiles/feature_tests.cxx
Linking CXX executable cmTC_27176
/usr/bin/cmake -E cmake_link_script CMakeFiles/cmTC_27176.dir/link.txt --verbose=1
/usr/bin/c++        CMakeFiles/cmTC_27176.dir/feature_tests.cxx.o  -o cmTC_27176 -rdynamic 
make[1]: Leaving directory '/media/linaro/OpenCV/OpenCV/opencv/opencv-3.2.0/release/CMakeFiles/CMakeTmp'


    Feature record: CXX_FEATURE:0cxx_aggregate_default_initializers
    Feature record: CXX_FEATURE:0cxx_alias_templates
    Feature record: CXX_FEATURE:0cxx_alignas
    Feature record: CXX_FEATURE:0cxx_alignof
    Feature record: CXX_FEATURE:0cxx_attributes
    Feature record: CXX_FEATURE:0cxx_attribute_deprecated
    Feature record: CXX_FEATURE:0cxx_auto_type
    Feature record: CXX_FEATURE:0cxx_binary_literals
    Feature record: CXX_FEATURE:0cxx_constexpr
    Feature record: CXX_FEATURE:0cxx_contextual_conversions
    Feature record: CXX_FEATURE:0cxx_decltype
    Feature record: CXX_FEATURE:0cxx_decltype_auto
    Feature record: CXX_FEATURE:0cxx_decltype_incomplete_return_types
    Feature record: CXX_FEATURE:0cxx_default_function_template_args
    Feature record: CXX_FEATURE:0cxx_defaulted_functions
    Feature record: CXX_FEATURE:0cxx_defaulted_move_initializers
    Feature record: CXX_FEATURE:0cxx_delegating_constructors
    Feature record: CXX_FEATURE:0cxx_deleted_functions
    Feature record: CXX_FEATURE:0cxx_digit_separators
    Feature record: CXX_FEATURE:0cxx_enum_forward_declarations
    Feature record: CXX_FEATURE:0cxx_explicit_conversions
    Feature record: CXX_FEATURE:0cxx_extended_friend_declarations
    Feature record: CXX_FEATURE:0cxx_extern_templates
    Feature record: CXX_FEATURE:0cxx_final
    Feature record: CXX_FEATURE:0cxx_func_identifier
    Feature record: CXX_FEATURE:0cxx_generalized_initializers
    Feature record: CXX_FEATURE:0cxx_generic_lambdas
    Feature record: CXX_FEATURE:0cxx_inheriting_constructors
    Feature record: CXX_FEATURE:0cxx_inline_namespaces
    Feature record: CXX_FEATURE:0cxx_lambdas
    Feature record: CXX_FEATURE:0cxx_lambda_init_captures
    Feature record: CXX_FEATURE:0cxx_local_type_template_args
    Feature record: CXX_FEATURE:0cxx_long_long_type
    Feature record: CXX_FEATURE:0cxx_noexcept
    Feature record: CXX_FEATURE:0cxx_nonstatic_member_init
    Feature record: CXX_FEATURE:0cxx_nullptr
    Feature record: CXX_FEATURE:0cxx_override
    Feature record: CXX_FEATURE:0cxx_range_for
    Feature record: CXX_FEATURE:0cxx_raw_string_literals
    Feature record: CXX_FEATURE:0cxx_reference_qualified_functions
    Feature record: CXX_FEATURE:0cxx_relaxed_constexpr
    Feature record: CXX_FEATURE:0cxx_return_type_deduction
    Feature record: CXX_FEATURE:0cxx_right_angle_brackets
    Feature record: CXX_FEATURE:0cxx_rvalue_references
    Feature record: CXX_FEATURE:0cxx_sizeof_member
    Feature record: CXX_FEATURE:0cxx_static_assert
    Feature record: CXX_FEATURE:0cxx_strong_enums
    Feature record: CXX_FEATURE:1cxx_template_template_parameters
    Feature record: CXX_FEATURE:0cxx_thread_local
    Feature record: CXX_FEATURE:0cxx_trailing_return_types
    Feature record: CXX_FEATURE:0cxx_unicode_literals
    Feature record: CXX_FEATURE:0cxx_uniform_initialization
    Feature record: CXX_FEATURE:0cxx_unrestricted_unions
    Feature record: CXX_FEATURE:0cxx_user_literals
    Feature record: CXX_FEATURE:0cxx_variable_templates
    Feature record: CXX_FEATURE:0cxx_variadic_macros
    Feature record: CXX_FEATURE:0cxx_variadic_templates
Determining if the C compiler works passed with the following output:
Change Dir: /media/linaro/OpenCV/OpenCV/opencv/opencv-3.2.0/release/CMakeFiles/CMakeTmp

Run Build Command:"/usr/bin/make" "cmTC_79908/fast"
/usr/bin/make -f CMakeFiles/cmTC_79908.dir/build.make CMakeFiles/cmTC_79908.dir/build
make[1]: Entering directory '/media/linaro/OpenCV/OpenCV/opencv/opencv-3.2.0/release/CMakeFiles/CMakeTmp'
Building C object CMakeFiles/cmTC_79908.dir/testCCompiler.c.o
/usr/bin/cc     -o CMakeFiles/cmTC_79908.dir/testCCompiler.c.o   -c /media/linaro/OpenCV/OpenCV/opencv/opencv-3.2.0/release/CMakeFiles/CMakeTmp/testCCompiler.c
Linking C executable cmTC_79908
/usr/bin/cmake -E cmake_link_script CMakeFiles/cmTC_79908.dir/link.txt --verbose=1
/usr/bin/cc       CMakeFiles/cmTC_79908.dir/testCCompiler.c.o  -o cmTC_79908 -rdynamic 
make[1]: Leaving directory '/media/linaro/OpenCV/OpenCV/opencv/opencv-3.2.0/release/CMakeFiles/CMakeTmp'


Detecting C compiler ABI info compiled with the following output:
Change Dir: /media/linaro/OpenCV/OpenCV/opencv/opencv-3.2.0/release/CMakeFiles/CMakeTmp

Run Build Command:"/usr/bin/make" "cmTC_7ec9e/fast"
/usr/bin/make -f CMakeFiles/cmTC_7ec9e.dir/build.make CMakeFiles/cmTC_7ec9e.dir/build
make[1]: Entering directory '/media/linaro/OpenCV/OpenCV/opencv/opencv-3.2.0/release/CMakeFiles/CMakeTmp'
Building C object CMakeFiles/cmTC_7ec9e.dir/CMakeCCompilerABI.c.o
/usr/bin/cc     -o CMakeFiles/cmTC_7ec9e.dir/CMakeCCompilerABI.c.o   -c /usr/share/cmake-3.6/Modules/CMakeCCompilerABI.c
Linking C executable cmTC_7ec9e
/usr/bin/cmake -E cmake_link_script CMakeFiles/cmTC_7ec9e.dir/link.txt --verbose=1
/usr/bin/cc      -v CMakeFiles/cmTC_7ec9e.dir/CMakeCCompilerABI.c.o  -o cmTC_7ec9e -rdynamic  
Using built-in specs.
COLLECT_GCC=/usr/bin/cc
COLLECT_LTO_WRAPPER=/usr/lib/gcc/aarch64-linux-gnu/4.9/lto-wrapper
Target: aarch64-linux-gnu
Configured with: ../src/configure -v --with-pkgversion='Debian/Linaro 4.9.2-10' --with-bugurl=file:///usr/share/doc/gcc-4.9/README.Bugs --enable-languages=c,c++,java,go,d,fortran,objc,obj-c++ --prefix=/usr --program-suffix=-4.9 --enable-shared --enable-linker-build-id --libexecdir=/usr/lib --without-included-gettext --enable-threads=posix --with-gxx-include-dir=/usr/include/c++/4.9 --libdir=/usr/lib --enable-nls --with-sysroot=/ --enable-clocale=gnu --enable-libstdcxx-debug --enable-libstdcxx-time=yes --enable-gnu-unique-object --disable-libsanitizer --disable-libquadmath --enable-plugin --with-system-zlib --disable-browser-plugin --enable-java-awt=gtk --enable-gtk-cairo --with-java-home=/usr/lib/jvm/java-1.5.0-gcj-4.9-arm64/jre --enable-java-home --with-jvm-root-dir=/usr/lib/jvm/java-1.5.0-gcj-4.9-arm64 --with-jvm-jar-dir=/usr/lib/jvm-exports/java-1.5.0-gcj-4.9-arm64 --with-arch-directory=arm64 --with-ecj-jar=/usr/share/java/eclipse-ecj.jar --enable-multiarch --enable-checking=release --build=aarch64-linux-gnu --host=aarch64-linux-gnu --target=aarch64-linux-gnu
Thread model: posix
gcc version 4.9.2 (Debian/Linaro 4.9.2-10) 
COMPILER_PATH=/usr/lib/gcc/aarch64-linux-gnu/4.9/:/usr/lib/gcc/aarch64-linux-gnu/4.9/:/usr/lib/gcc/aarch64-linux-gnu/:/usr/lib/gcc/aarch64-linux-gnu/4.9/:/usr/lib/gcc/aarch64-linux-gnu/
LIBRARY_PATH=/usr/lib/gcc/aarch64-linux-gnu/4.9/:/usr/lib/gcc/aarch64-linux-gnu/4.9/../../../aarch64-linux-gnu/:/usr/lib/gcc/aarch64-linux-gnu/4.9/../../../../lib/:/lib/aarch64-linux-gnu/:/lib/../lib/:/usr/lib/aarch64-linux-gnu/:/usr/lib/../lib/:/usr/lib/gcc/aarch64-linux-gnu/4.9/../../../:/lib/:/usr/lib/
COLLECT_GCC_OPTIONS='-v' '-o' 'cmTC_7ec9e' '-rdynamic' '-mlittle-endian' '-mabi=lp64'
 /usr/lib/gcc/aarch64-linux-gnu/4.9/collect2 -plugin /usr/lib/gcc/aarch64-linux-gnu/4.9/liblto_plugin.so -plugin-opt=/usr/lib/gcc/aarch64-linux-gnu/4.9/lto-wrapper -plugin-opt=-fresolution=/tmp/cc47U7fO.res -plugin-opt=-pass-through=-lgcc -plugin-opt=-pass-through=-lgcc_s -plugin-opt=-pass-through=-lc -plugin-opt=-pass-through=-lgcc -plugin-opt=-pass-through=-lgcc_s --sysroot=/ --build-id --eh-frame-hdr --hash-style=gnu -export-dynamic -dynamic-linker /lib/ld-linux-aarch64.so.1 -X -EL -maarch64linux -o cmTC_7ec9e /usr/lib/gcc/aarch64-linux-gnu/4.9/../../../aarch64-linux-gnu/crt1.o /usr/lib/gcc/aarch64-linux-gnu/4.9/../../../aarch64-linux-gnu/crti.o /usr/lib/gcc/aarch64-linux-gnu/4.9/crtbegin.o -L/usr/lib/gcc/aarch64-linux-gnu/4.9 -L/usr/lib/gcc/aarch64-linux-gnu/4.9/../../../aarch64-linux-gnu -L/usr/lib/gcc/aarch64-linux-gnu/4.9/../../../../lib -L/lib/aarch64-linux-gnu -L/lib/../lib -L/usr/lib/aarch64-linux-gnu -L/usr/lib/../lib -L/usr/lib/gcc/aarch64-linux-gnu/4.9/../../.. CMakeFiles/cmTC_7ec9e.dir/CMakeCCompilerABI.c.o -lgcc --as-needed -lgcc_s --no-as-needed -lc -lgcc --as-needed -lgcc_s --no-as-needed /usr/lib/gcc/aarch64-linux-gnu/4.9/crtend.o /usr/lib/gcc/aarch64-linux-gnu/4.9/../../../aarch64-linux-gnu/crtn.o
make[1]: Leaving directory '/media/linaro/OpenCV/OpenCV/opencv/opencv-3.2.0/release/CMakeFiles/CMakeTmp'


Parsed C implicit link information from above output:
  link line regex: [^( *|.*[/\])(ld|([^/\]+-)?ld|collect2)[^/\]*( |$)]
  ignore line: [Change Dir: /media/linaro/OpenCV/OpenCV/opencv/opencv-3.2.0/release/CMakeFiles/CMakeTmp]
  ignore line: []
  ignore line: [Run Build Command:"/usr/bin/make" "cmTC_7ec9e/fast"]
  ignore line: [/usr/bin/make -f CMakeFiles/cmTC_7ec9e.dir/build.make CMakeFiles/cmTC_7ec9e.dir/build]
  ignore line: [make[1]: Entering directory '/media/linaro/OpenCV/OpenCV/opencv/opencv-3.2.0/release/CMakeFiles/CMakeTmp']
  ignore line: [Building C object CMakeFiles/cmTC_7ec9e.dir/CMakeCCompilerABI.c.o]
  ignore line: [/usr/bin/cc     -o CMakeFiles/cmTC_7ec9e.dir/CMakeCCompilerABI.c.o   -c /usr/share/cmake-3.6/Modules/CMakeCCompilerABI.c]
  ignore line: [Linking C executable cmTC_7ec9e]
  ignore line: [/usr/bin/cmake -E cmake_link_script CMakeFiles/cmTC_7ec9e.dir/link.txt --verbose=1]
  ignore line: [/usr/bin/cc      -v CMakeFiles/cmTC_7ec9e.dir/CMakeCCompilerABI.c.o  -o cmTC_7ec9e -rdynamic  ]
  ignore line: [Using built-in specs.]
  ignore line: [COLLECT_GCC=/usr/bin/cc]
  ignore line: [COLLECT_LTO_WRAPPER=/usr/lib/gcc/aarch64-linux-gnu/4.9/lto-wrapper]
  ignore line: [Target: aarch64-linux-gnu]
  ignore line: [Configured with: ../src/configure -v --with-pkgversion='Debian/Linaro 4.9.2-10' --with-bugurl=file:///usr/share/doc/gcc-4.9/README.Bugs --enable-languages=c,c++,java,go,d,fortran,objc,obj-c++ --prefix=/usr --program-suffix=-4.9 --enable-shared --enable-linker-build-id --libexecdir=/usr/lib --without-included-gettext --enable-threads=posix --with-gxx-include-dir=/usr/include/c++/4.9 --libdir=/usr/lib --enable-nls --with-sysroot=/ --enable-clocale=gnu --enable-libstdcxx-debug --enable-libstdcxx-time=yes --enable-gnu-unique-object --disable-libsanitizer --disable-libquadmath --enable-plugin --with-system-zlib --disable-browser-plugin --enable-java-awt=gtk --enable-gtk-cairo --with-java-home=/usr/lib/jvm/java-1.5.0-gcj-4.9-arm64/jre --enable-java-home --with-jvm-root-dir=/usr/lib/jvm/java-1.5.0-gcj-4.9-arm64 --with-jvm-jar-dir=/usr/lib/jvm-exports/java-1.5.0-gcj-4.9-arm64 --with-arch-directory=arm64 --with-ecj-jar=/usr/share/java/eclipse-ecj.jar --enable-multiarch --enable-checking=release --build=aarch64-linux-gnu --host=aarch64-linux-gnu --target=aarch64-linux-gnu]
  ignore line: [Thread model: posix]
  ignore line: [gcc version 4.9.2 (Debian/Linaro 4.9.2-10) ]
  ignore line: [COMPILER_PATH=/usr/lib/gcc/aarch64-linux-gnu/4.9/:/usr/lib/gcc/aarch64-linux-gnu/4.9/:/usr/lib/gcc/aarch64-linux-gnu/:/usr/lib/gcc/aarch64-linux-gnu/4.9/:/usr/lib/gcc/aarch64-linux-gnu/]
  ignore line: [LIBRARY_PATH=/usr/lib/gcc/aarch64-linux-gnu/4.9/:/usr/lib/gcc/aarch64-linux-gnu/4.9/../../../aarch64-linux-gnu/:/usr/lib/gcc/aarch64-linux-gnu/4.9/../../../../lib/:/lib/aarch64-linux-gnu/:/lib/../lib/:/usr/lib/aarch64-linux-gnu/:/usr/lib/../lib/:/usr/lib/gcc/aarch64-linux-gnu/4.9/../../../:/lib/:/usr/lib/]
  ignore line: [COLLECT_GCC_OPTIONS='-v' '-o' 'cmTC_7ec9e' '-rdynamic' '-mlittle-endian' '-mabi=lp64']
  link line: [ /usr/lib/gcc/aarch64-linux-gnu/4.9/collect2 -plugin /usr/lib/gcc/aarch64-linux-gnu/4.9/liblto_plugin.so -plugin-opt=/usr/lib/gcc/aarch64-linux-gnu/4.9/lto-wrapper -plugin-opt=-fresolution=/tmp/cc47U7fO.res -plugin-opt=-pass-through=-lgcc -plugin-opt=-pass-through=-lgcc_s -plugin-opt=-pass-through=-lc -plugin-opt=-pass-through=-lgcc -plugin-opt=-pass-through=-lgcc_s --sysroot=/ --build-id --eh-frame-hdr --hash-style=gnu -export-dynamic -dynamic-linker /lib/ld-linux-aarch64.so.1 -X -EL -maarch64linux -o cmTC_7ec9e /usr/lib/gcc/aarch64-linux-gnu/4.9/../../../aarch64-linux-gnu/crt1.o /usr/lib/gcc/aarch64-linux-gnu/4.9/../../../aarch64-linux-gnu/crti.o /usr/lib/gcc/aarch64-linux-gnu/4.9/crtbegin.o -L/usr/lib/gcc/aarch64-linux-gnu/4.9 -L/usr/lib/gcc/aarch64-linux-gnu/4.9/../../../aarch64-linux-gnu -L/usr/lib/gcc/aarch64-linux-gnu/4.9/../../../../lib -L/lib/aarch64-linux-gnu -L/lib/../lib -L/usr/lib/aarch64-linux-gnu -L/usr/lib/../lib -L/usr/lib/gcc/aarch64-linux-gnu/4.9/../../.. CMakeFiles/cmTC_7ec9e.dir/CMakeCCompilerABI.c.o -lgcc --as-needed -lgcc_s --no-as-needed -lc -lgcc --as-needed -lgcc_s --no-as-needed /usr/lib/gcc/aarch64-linux-gnu/4.9/crtend.o /usr/lib/gcc/aarch64-linux-gnu/4.9/../../../aarch64-linux-gnu/crtn.o]
    arg [/usr/lib/gcc/aarch64-linux-gnu/4.9/collect2] ==> ignore
    arg [-plugin] ==> ignore
    arg [/usr/lib/gcc/aarch64-linux-gnu/4.9/liblto_plugin.so] ==> ignore
    arg [-plugin-opt=/usr/lib/gcc/aarch64-linux-gnu/4.9/lto-wrapper] ==> ignore
    arg [-plugin-opt=-fresolution=/tmp/cc47U7fO.res] ==> ignore
    arg [-plugin-opt=-pass-through=-lgcc] ==> ignore
    arg [-plugin-opt=-pass-through=-lgcc_s] ==> ignore
    arg [-plugin-opt=-pass-through=-lc] ==> ignore
    arg [-plugin-opt=-pass-through=-lgcc] ==> ignore
    arg [-plugin-opt=-pass-through=-lgcc_s] ==> ignore
    arg [--sysroot=/] ==> ignore
    arg [--build-id] ==> ignore
    arg [--eh-frame-hdr] ==> ignore
    arg [--hash-style=gnu] ==> ignore
    arg [-export-dynamic] ==> ignore
    arg [-dynamic-linker] ==> ignore
    arg [/lib/ld-linux-aarch64.so.1] ==> ignore
    arg [-X] ==> ignore
    arg [-EL] ==> ignore
    arg [-maarch64linux] ==> ignore
    arg [-o] ==> ignore
    arg [cmTC_7ec9e] ==> ignore
    arg [/usr/lib/gcc/aarch64-linux-gnu/4.9/../../../aarch64-linux-gnu/crt1.o] ==> ignore
    arg [/usr/lib/gcc/aarch64-linux-gnu/4.9/../../../aarch64-linux-gnu/crti.o] ==> ignore
    arg [/usr/lib/gcc/aarch64-linux-gnu/4.9/crtbegin.o] ==> ignore
    arg [-L/usr/lib/gcc/aarch64-linux-gnu/4.9] ==> dir [/usr/lib/gcc/aarch64-linux-gnu/4.9]
    arg [-L/usr/lib/gcc/aarch64-linux-gnu/4.9/../../../aarch64-linux-gnu] ==> dir [/usr/lib/gcc/aarch64-linux-gnu/4.9/../../../aarch64-linux-gnu]
    arg [-L/usr/lib/gcc/aarch64-linux-gnu/4.9/../../../../lib] ==> dir [/usr/lib/gcc/aarch64-linux-gnu/4.9/../../../../lib]
    arg [-L/lib/aarch64-linux-gnu] ==> dir [/lib/aarch64-linux-gnu]
    arg [-L/lib/../lib] ==> dir [/lib/../lib]
    arg [-L/usr/lib/aarch64-linux-gnu] ==> dir [/usr/lib/aarch64-linux-gnu]
    arg [-L/usr/lib/../lib] ==> dir [/usr/lib/../lib]
    arg [-L/usr/lib/gcc/aarch64-linux-gnu/4.9/../../..] ==> dir [/usr/lib/gcc/aarch64-linux-gnu/4.9/../../..]
    arg [CMakeFiles/cmTC_7ec9e.dir/CMakeCCompilerABI.c.o] ==> ignore
    arg [-lgcc] ==> lib [gcc]
    arg [--as-needed] ==> ignore
    arg [-lgcc_s] ==> lib [gcc_s]
    arg [--no-as-needed] ==> ignore
    arg [-lc] ==> lib [c]
    arg [-lgcc] ==> lib [gcc]
    arg [--as-needed] ==> ignore
    arg [-lgcc_s] ==> lib [gcc_s]
    arg [--no-as-needed] ==> ignore
    arg [/usr/lib/gcc/aarch64-linux-gnu/4.9/crtend.o] ==> ignore
    arg [/usr/lib/gcc/aarch64-linux-gnu/4.9/../../../aarch64-linux-gnu/crtn.o] ==> ignore
  remove lib [gcc]
  remove lib [gcc_s]
  remove lib [gcc]
  remove lib [gcc_s]
  collapse library dir [/usr/lib/gcc/aarch64-linux-gnu/4.9] ==> [/usr/lib/gcc/aarch64-linux-gnu/4.9]
  collapse library dir [/usr/lib/gcc/aarch64-linux-gnu/4.9/../../../aarch64-linux-gnu] ==> [/usr/lib/aarch64-linux-gnu]
  collapse library dir [/usr/lib/gcc/aarch64-linux-gnu/4.9/../../../../lib] ==> [/usr/lib]
  collapse library dir [/lib/aarch64-linux-gnu] ==> [/lib/aarch64-linux-gnu]
  collapse library dir [/lib/../lib] ==> [/lib]
  collapse library dir [/usr/lib/aarch64-linux-gnu] ==> [/usr/lib/aarch64-linux-gnu]
  collapse library dir [/usr/lib/../lib] ==> [/usr/lib]
  collapse library dir [/usr/lib/gcc/aarch64-linux-gnu/4.9/../../..] ==> [/usr/lib]
  implicit libs: [c]
  implicit dirs: [/usr/lib/gcc/aarch64-linux-gnu/4.9;/usr/lib/aarch64-linux-gnu;/usr/lib;/lib/aarch64-linux-gnu;/lib]
  implicit fwks: []




Detecting C [-std=c11] compiler features compiled with the following output:
Change Dir: /media/linaro/OpenCV/OpenCV/opencv/opencv-3.2.0/release/CMakeFiles/CMakeTmp

Run Build Command:"/usr/bin/make" "cmTC_da69d/fast"
/usr/bin/make -f CMakeFiles/cmTC_da69d.dir/build.make CMakeFiles/cmTC_da69d.dir/build
make[1]: Entering directory '/media/linaro/OpenCV/OpenCV/opencv/opencv-3.2.0/release/CMakeFiles/CMakeTmp'
Building C object CMakeFiles/cmTC_da69d.dir/feature_tests.c.o
/usr/bin/cc    -std=c11 -o CMakeFiles/cmTC_da69d.dir/feature_tests.c.o   -c /media/linaro/OpenCV/OpenCV/opencv/opencv-3.2.0/release/CMakeFiles/feature_tests.c
Linking C executable cmTC_da69d
/usr/bin/cmake -E cmake_link_script CMakeFiles/cmTC_da69d.dir/link.txt --verbose=1
/usr/bin/cc       CMakeFiles/cmTC_da69d.dir/feature_tests.c.o  -o cmTC_da69d -rdynamic 
make[1]: Leaving directory '/media/linaro/OpenCV/OpenCV/opencv/opencv-3.2.0/release/CMakeFiles/CMakeTmp'


    Feature record: C_FEATURE:1c_function_prototypes
    Feature record: C_FEATURE:1c_restrict
    Feature record: C_FEATURE:1c_static_assert
    Feature record: C_FEATURE:1c_variadic_macros


Detecting C [-std=c99] compiler features compiled with the following output:
Change Dir: /media/linaro/OpenCV/OpenCV/opencv/opencv-3.2.0/release/CMakeFiles/CMakeTmp

Run Build Command:"/usr/bin/make" "cmTC_98eaf/fast"
/usr/bin/make -f CMakeFiles/cmTC_98eaf.dir/build.make CMakeFiles/cmTC_98eaf.dir/build
make[1]: Entering directory '/media/linaro/OpenCV/OpenCV/opencv/opencv-3.2.0/release/CMakeFiles/CMakeTmp'
Building C object CMakeFiles/cmTC_98eaf.dir/feature_tests.c.o
/usr/bin/cc    -std=c99 -o CMakeFiles/cmTC_98eaf.dir/feature_tests.c.o   -c /media/linaro/OpenCV/OpenCV/opencv/opencv-3.2.0/release/CMakeFiles/feature_tests.c
Linking C executable cmTC_98eaf
/usr/bin/cmake -E cmake_link_script CMakeFiles/cmTC_98eaf.dir/link.txt --verbose=1
/usr/bin/cc       CMakeFiles/cmTC_98eaf.dir/feature_tests.c.o  -o cmTC_98eaf -rdynamic 
make[1]: Leaving directory '/media/linaro/OpenCV/OpenCV/opencv/opencv-3.2.0/release/CMakeFiles/CMakeTmp'


    Feature record: C_FEATURE:1c_function_prototypes
    Feature record: C_FEATURE:1c_restrict
    Feature record: C_FEATURE:0c_static_assert
    Feature record: C_FEATURE:1c_variadic_macros


Detecting C [-std=c90] compiler features compiled with the following output:
Change Dir: /media/linaro/OpenCV/OpenCV/opencv/opencv-3.2.0/release/CMakeFiles/CMakeTmp

Run Build Command:"/usr/bin/make" "cmTC_03ee8/fast"
/usr/bin/make -f CMakeFiles/cmTC_03ee8.dir/build.make CMakeFiles/cmTC_03ee8.dir/build
make[1]: Entering directory '/media/linaro/OpenCV/OpenCV/opencv/opencv-3.2.0/release/CMakeFiles/CMakeTmp'
Building C object CMakeFiles/cmTC_03ee8.dir/feature_tests.c.o
/usr/bin/cc    -std=c90 -o CMakeFiles/cmTC_03ee8.dir/feature_tests.c.o   -c /media/linaro/OpenCV/OpenCV/opencv/opencv-3.2.0/release/CMakeFiles/feature_tests.c
Linking C executable cmTC_03ee8
/usr/bin/cmake -E cmake_link_script CMakeFiles/cmTC_03ee8.dir/link.txt --verbose=1
/usr/bin/cc       CMakeFiles/cmTC_03ee8.dir/feature_tests.c.o  -o cmTC_03ee8 -rdynamic 
make[1]: Leaving directory '/media/linaro/OpenCV/OpenCV/opencv/opencv-3.2.0/release/CMakeFiles/CMakeTmp'


    Feature record: C_FEATURE:1c_function_prototypes
    Feature record: C_FEATURE:0c_restrict
    Feature record: C_FEATURE:0c_static_assert
    Feature record: C_FEATURE:0c_variadic_macros
Determining if the include file pthread.h exists passed with the following output:
Change Dir: /media/linaro/OpenCV/OpenCV/opencv/opencv-3.2.0/release/CMakeFiles/CMakeTmp

Run Build Command:"/usr/bin/make" "cmTC_37a13/fast"
/usr/bin/make -f CMakeFiles/cmTC_37a13.dir/build.make CMakeFiles/cmTC_37a13.dir/build
make[1]: Entering directory '/media/linaro/OpenCV/OpenCV/opencv/opencv-3.2.0/release/CMakeFiles/CMakeTmp'
Building C object CMakeFiles/cmTC_37a13.dir/CheckIncludeFile.c.o
/usr/bin/cc    -fsigned-char -W -Wall -Werror=return-type -Werror=non-virtual-dtor -Werror=address -Werror=sequence-point -Wformat -Werror=format-security -Wmissing-declarations -Wmissing-prototypes -Wstrict-prototypes -Wundef -Winit-self -Wpointer-arith -Wshadow -Wno-narrowing -Wno-comment -fdiagnostics-show-option -pthread -fomit-frame-pointer -ffunction-sections -fvisibility=hidden  -O3 -DNDEBUG   -o CMakeFiles/cmTC_37a13.dir/CheckIncludeFile.c.o   -c /media/linaro/OpenCV/OpenCV/opencv/opencv-3.2.0/release/CMakeFiles/CMakeTmp/CheckIncludeFile.c
Linking C executable cmTC_37a13
/usr/bin/cmake -E cmake_link_script CMakeFiles/cmTC_37a13.dir/link.txt --verbose=1
/usr/bin/cc     -fsigned-char -W -Wall -Werror=return-type -Werror=non-virtual-dtor -Werror=address -Werror=sequence-point -Wformat -Werror=format-security -Wmissing-declarations -Wmissing-prototypes -Wstrict-prototypes -Wundef -Winit-self -Wpointer-arith -Wshadow -Wno-narrowing -Wno-comment -fdiagnostics-show-option -pthread -fomit-frame-pointer -ffunction-sections -fvisibility=hidden  -O3 -DNDEBUG    CMakeFiles/cmTC_37a13.dir/CheckIncludeFile.c.o  -o cmTC_37a13 -rdynamic 
make[1]: Leaving directory '/media/linaro/OpenCV/OpenCV/opencv/opencv-3.2.0/release/CMakeFiles/CMakeTmp'


Determining if the include file sys/types.h exists passed with the following output:
Change Dir: /media/linaro/OpenCV/OpenCV/opencv/opencv-3.2.0/release/CMakeFiles/CMakeTmp

Run Build Command:"/usr/bin/make" "cmTC_af582/fast"
/usr/bin/make -f CMakeFiles/cmTC_af582.dir/build.make CMakeFiles/cmTC_af582.dir/build
make[1]: Entering directory '/media/linaro/OpenCV/OpenCV/opencv/opencv-3.2.0/release/CMakeFiles/CMakeTmp'
Building C object CMakeFiles/cmTC_af582.dir/CheckIncludeFile.c.o
/usr/bin/cc    -fsigned-char -W -Wall -Werror=return-type -Werror=non-virtual-dtor -Werror=address -Werror=sequence-point -Wformat -Werror=format-security -Wmissing-declarations -Wmissing-prototypes -Wstrict-prototypes -Wundef -Winit-self -Wpointer-arith -Wshadow -Wno-narrowing -Wno-comment -fdiagnostics-show-option -pthread -fomit-frame-pointer -ffunction-sections -fvisibility=hidden  -O3 -DNDEBUG   -o CMakeFiles/cmTC_af582.dir/CheckIncludeFile.c.o   -c /media/linaro/OpenCV/OpenCV/opencv/opencv-3.2.0/release/CMakeFiles/CMakeTmp/CheckIncludeFile.c
Linking C executable cmTC_af582
/usr/bin/cmake -E cmake_link_script CMakeFiles/cmTC_af582.dir/link.txt --verbose=1
/usr/bin/cc     -fsigned-char -W -Wall -Werror=return-type -Werror=non-virtual-dtor -Werror=address -Werror=sequence-point -Wformat -Werror=format-security -Wmissing-declarations -Wmissing-prototypes -Wstrict-prototypes -Wundef -Winit-self -Wpointer-arith -Wshadow -Wno-narrowing -Wno-comment -fdiagnostics-show-option -pthread -fomit-frame-pointer -ffunction-sections -fvisibility=hidden  -O3 -DNDEBUG    CMakeFiles/cmTC_af582.dir/CheckIncludeFile.c.o  -o cmTC_af582 -rdynamic 
make[1]: Leaving directory '/media/linaro/OpenCV/OpenCV/opencv/opencv-3.2.0/release/CMakeFiles/CMakeTmp'


Determining if the include file stdint.h exists passed with the following output:
Change Dir: /media/linaro/OpenCV/OpenCV/opencv/opencv-3.2.0/release/CMakeFiles/CMakeTmp

Run Build Command:"/usr/bin/make" "cmTC_bfafa/fast"
/usr/bin/make -f CMakeFiles/cmTC_bfafa.dir/build.make CMakeFiles/cmTC_bfafa.dir/build
make[1]: Entering directory '/media/linaro/OpenCV/OpenCV/opencv/opencv-3.2.0/release/CMakeFiles/CMakeTmp'
Building C object CMakeFiles/cmTC_bfafa.dir/CheckIncludeFile.c.o
/usr/bin/cc    -fsigned-char -W -Wall -Werror=return-type -Werror=non-virtual-dtor -Werror=address -Werror=sequence-point -Wformat -Werror=format-security -Wmissing-declarations -Wmissing-prototypes -Wstrict-prototypes -Wundef -Winit-self -Wpointer-arith -Wshadow -Wno-narrowing -Wno-comment -fdiagnostics-show-option -pthread -fomit-frame-pointer -ffunction-sections -fvisibility=hidden  -O3 -DNDEBUG   -o CMakeFiles/cmTC_bfafa.dir/CheckIncludeFile.c.o   -c /media/linaro/OpenCV/OpenCV/opencv/opencv-3.2.0/release/CMakeFiles/CMakeTmp/CheckIncludeFile.c
Linking C executable cmTC_bfafa
/usr/bin/cmake -E cmake_link_script CMakeFiles/cmTC_bfafa.dir/link.txt --verbose=1
/usr/bin/cc     -fsigned-char -W -Wall -Werror=return-type -Werror=non-virtual-dtor -Werror=address -Werror=sequence-point -Wformat -Werror=format-security -Wmissing-declarations -Wmissing-prototypes -Wstrict-prototypes -Wundef -Winit-self -Wpointer-arith -Wshadow -Wno-narrowing -Wno-comment -fdiagnostics-show-option -pthread -fomit-frame-pointer -ffunction-sections -fvisibility=hidden  -O3 -DNDEBUG    CMakeFiles/cmTC_bfafa.dir/CheckIncludeFile.c.o  -o cmTC_bfafa -rdynamic 
make[1]: Leaving directory '/media/linaro/OpenCV/OpenCV/opencv/opencv-3.2.0/release/CMakeFiles/CMakeTmp'


Determining if the include file stddef.h exists passed with the following output:
Change Dir: /media/linaro/OpenCV/OpenCV/opencv/opencv-3.2.0/release/CMakeFiles/CMakeTmp

Run Build Command:"/usr/bin/make" "cmTC_0cdcf/fast"
/usr/bin/make -f CMakeFiles/cmTC_0cdcf.dir/build.make CMakeFiles/cmTC_0cdcf.dir/build
make[1]: Entering directory '/media/linaro/OpenCV/OpenCV/opencv/opencv-3.2.0/release/CMakeFiles/CMakeTmp'
Building C object CMakeFiles/cmTC_0cdcf.dir/CheckIncludeFile.c.o
/usr/bin/cc    -fsigned-char -W -Wall -Werror=return-type -Werror=non-virtual-dtor -Werror=address -Werror=sequence-point -Wformat -Werror=format-security -Wmissing-declarations -Wmissing-prototypes -Wstrict-prototypes -Wundef -Winit-self -Wpointer-arith -Wshadow -Wno-narrowing -Wno-comment -fdiagnostics-show-option -pthread -fomit-frame-pointer -ffunction-sections -fvisibility=hidden  -O3 -DNDEBUG   -o CMakeFiles/cmTC_0cdcf.dir/CheckIncludeFile.c.o   -c /media/linaro/OpenCV/OpenCV/opencv/opencv-3.2.0/release/CMakeFiles/CMakeTmp/CheckIncludeFile.c
Linking C executable cmTC_0cdcf
/usr/bin/cmake -E cmake_link_script CMakeFiles/cmTC_0cdcf.dir/link.txt --verbose=1
/usr/bin/cc     -fsigned-char -W -Wall -Werror=return-type -Werror=non-virtual-dtor -Werror=address -Werror=sequence-point -Wformat -Werror=format-security -Wmissing-declarations -Wmissing-prototypes -Wstrict-prototypes -Wundef -Winit-self -Wpointer-arith -Wshadow -Wno-narrowing -Wno-comment -fdiagnostics-show-option -pthread -fomit-frame-pointer -ffunction-sections -fvisibility=hidden  -O3 -DNDEBUG    CMakeFiles/cmTC_0cdcf.dir/CheckIncludeFile.c.o  -o cmTC_0cdcf -rdynamic 
make[1]: Leaving directory '/media/linaro/OpenCV/OpenCV/opencv/opencv-3.2.0/release/CMakeFiles/CMakeTmp'


Determining size of unsigned short passed with the following output:
Change Dir: /media/linaro/OpenCV/OpenCV/opencv/opencv-3.2.0/release/CMakeFiles/CMakeTmp

Run Build Command:"/usr/bin/make" "cmTC_e7291/fast"
/usr/bin/make -f CMakeFiles/cmTC_e7291.dir/build.make CMakeFiles/cmTC_e7291.dir/build
make[1]: Entering directory '/media/linaro/OpenCV/OpenCV/opencv/opencv-3.2.0/release/CMakeFiles/CMakeTmp'
Building C object CMakeFiles/cmTC_e7291.dir/CMAKE_SIZEOF_UNSIGNED_SHORT.c.o
/usr/bin/cc    -fsigned-char -W -Wall -Werror=return-type -Werror=non-virtual-dtor -Werror=address -Werror=sequence-point -Wformat -Werror=format-security -Wmissing-declarations -Wmissing-prototypes -Wstrict-prototypes -Wundef -Winit-self -Wpointer-arith -Wshadow -Wno-narrowing -Wno-comment -fdiagnostics-show-option -pthread -fomit-frame-pointer -ffunction-sections -fvisibility=hidden  -O3 -DNDEBUG   -o CMakeFiles/cmTC_e7291.dir/CMAKE_SIZEOF_UNSIGNED_SHORT.c.o   -c /media/linaro/OpenCV/OpenCV/opencv/opencv-3.2.0/release/CMakeFiles/CheckTypeSize/CMAKE_SIZEOF_UNSIGNED_SHORT.c
Linking C executable cmTC_e7291
/usr/bin/cmake -E cmake_link_script CMakeFiles/cmTC_e7291.dir/link.txt --verbose=1
/usr/bin/cc     -fsigned-char -W -Wall -Werror=return-type -Werror=non-virtual-dtor -Werror=address -Werror=sequence-point -Wformat -Werror=format-security -Wmissing-declarations -Wmissing-prototypes -Wstrict-prototypes -Wundef -Winit-self -Wpointer-arith -Wshadow -Wno-narrowing -Wno-comment -fdiagnostics-show-option -pthread -fomit-frame-pointer -ffunction-sections -fvisibility=hidden  -O3 -DNDEBUG    CMakeFiles/cmTC_e7291.dir/CMAKE_SIZEOF_UNSIGNED_SHORT.c.o  -o cmTC_e7291 -rdynamic 
make[1]: Leaving directory '/media/linaro/OpenCV/OpenCV/opencv/opencv-3.2.0/release/CMakeFiles/CMakeTmp'


Determining if the system is big endian passed with the following output:
Change Dir: /media/linaro/OpenCV/OpenCV/opencv/opencv-3.2.0/release/CMakeFiles/CMakeTmp

Run Build Command:"/usr/bin/make" "cmTC_d686d/fast"
/usr/bin/make -f CMakeFiles/cmTC_d686d.dir/build.make CMakeFiles/cmTC_d686d.dir/build
make[1]: Entering directory '/media/linaro/OpenCV/OpenCV/opencv/opencv-3.2.0/release/CMakeFiles/CMakeTmp'
Building C object CMakeFiles/cmTC_d686d.dir/TestEndianess.c.o
/usr/bin/cc    -fsigned-char -W -Wall -Werror=return-type -Werror=non-virtual-dtor -Werror=address -Werror=sequence-point -Wformat -Werror=format-security -Wmissing-declarations -Wmissing-prototypes -Wstrict-prototypes -Wundef -Winit-self -Wpointer-arith -Wshadow -Wno-narrowing -Wno-comment -fdiagnostics-show-option -pthread -fomit-frame-pointer -ffunction-sections -fvisibility=hidden  -O3 -DNDEBUG   -o CMakeFiles/cmTC_d686d.dir/TestEndianess.c.o   -c /media/linaro/OpenCV/OpenCV/opencv/opencv-3.2.0/release/CMakeFiles/CMakeTmp/TestEndianess.c
Linking C executable cmTC_d686d
/usr/bin/cmake -E cmake_link_script CMakeFiles/cmTC_d686d.dir/link.txt --verbose=1
/usr/bin/cc     -fsigned-char -W -Wall -Werror=return-type -Werror=non-virtual-dtor -Werror=address -Werror=sequence-point -Wformat -Werror=format-security -Wmissing-declarations -Wmissing-prototypes -Wstrict-prototypes -Wundef -Winit-self -Wpointer-arith -Wshadow -Wno-narrowing -Wno-comment -fdiagnostics-show-option -pthread -fomit-frame-pointer -ffunction-sections -fvisibility=hidden  -O3 -DNDEBUG    CMakeFiles/cmTC_d686d.dir/TestEndianess.c.o  -o cmTC_d686d -rdynamic 
make[1]: Leaving directory '/media/linaro/OpenCV/OpenCV/opencv/opencv-3.2.0/release/CMakeFiles/CMakeTmp'

TestEndianess.c:
/* A 16 bit integer is required. */
typedef unsigned short cmakeint16;

/* On a little endian machine, these 16bit ints will give "THIS IS LITTLE ENDIAN."
   On a big endian machine the characters will be exchanged pairwise. */
const cmakeint16 info_little[] =  {0x4854, 0x5349, 0x4920, 0x2053, 0x494c, 0x5454, 0x454c, 0x4520, 0x444e, 0x4149, 0x2e4e, 0x0000};

/* on a big endian machine, these 16bit ints will give "THIS IS BIG ENDIAN."
   On a little endian machine the characters will be exchanged pairwise. */
const cmakeint16 info_big[] =     {0x5448, 0x4953, 0x2049, 0x5320, 0x4249, 0x4720, 0x454e, 0x4449, 0x414e, 0x2e2e, 0x0000};

#ifdef __CLASSIC_C__
int main(argc, argv) int argc; char *argv[];
#else
int main(int argc, char *argv[])
#endif
{
  int require = 0;
  require += info_little[argc];
  require += info_big[argc];
  (void)argv;
  return require;
}


Determining if the function fseeko exists passed with the following output:
Change Dir: /media/linaro/OpenCV/OpenCV/opencv/opencv-3.2.0/release/CMakeFiles/CMakeTmp

Run Build Command:"/usr/bin/make" "cmTC_21f74/fast"
/usr/bin/make -f CMakeFiles/cmTC_21f74.dir/build.make CMakeFiles/cmTC_21f74.dir/build
make[1]: Entering directory '/media/linaro/OpenCV/OpenCV/opencv/opencv-3.2.0/release/CMakeFiles/CMakeTmp'
Building C object CMakeFiles/cmTC_21f74.dir/CheckFunctionExists.c.o
/usr/bin/cc    -fsigned-char -W -Wall -Werror=return-type -Werror=non-virtual-dtor -Werror=address -Werror=sequence-point -Wformat -Werror=format-security -Wmissing-declarations -Wmissing-prototypes -Wstrict-prototypes -Wundef -Winit-self -Wpointer-arith -Wshadow -Wno-narrowing -Wno-comment -fdiagnostics-show-option -pthread -fomit-frame-pointer -ffunction-sections -fvisibility=hidden -DCHECK_FUNCTION_EXISTS=fseeko -O3 -DNDEBUG   -o CMakeFiles/cmTC_21f74.dir/CheckFunctionExists.c.o   -c /usr/share/cmake-3.6/Modules/CheckFunctionExists.c
/usr/share/cmake-3.6/Modules/CheckFunctionExists.c:7:3: warning: function declaration isnt a prototype [-Wstrict-prototypes]
   CHECK_FUNCTION_EXISTS();
   ^
Linking C executable cmTC_21f74
/usr/bin/cmake -E cmake_link_script CMakeFiles/cmTC_21f74.dir/link.txt --verbose=1
/usr/bin/cc     -fsigned-char -W -Wall -Werror=return-type -Werror=non-virtual-dtor -Werror=address -Werror=sequence-point -Wformat -Werror=format-security -Wmissing-declarations -Wmissing-prototypes -Wstrict-prototypes -Wundef -Winit-self -Wpointer-arith -Wshadow -Wno-narrowing -Wno-comment -fdiagnostics-show-option -pthread -fomit-frame-pointer -ffunction-sections -fvisibility=hidden -DCHECK_FUNCTION_EXISTS=fseeko -O3 -DNDEBUG    CMakeFiles/cmTC_21f74.dir/CheckFunctionExists.c.o  -o cmTC_21f74 -rdynamic 
make[1]: Leaving directory '/media/linaro/OpenCV/OpenCV/opencv/opencv-3.2.0/release/CMakeFiles/CMakeTmp'


Determining if the include file unistd.h exists passed with the following output:
Change Dir: /media/linaro/OpenCV/OpenCV/opencv/opencv-3.2.0/release/CMakeFiles/CMakeTmp

Run Build Command:"/usr/bin/make" "cmTC_d6af4/fast"
/usr/bin/make -f CMakeFiles/cmTC_d6af4.dir/build.make CMakeFiles/cmTC_d6af4.dir/build
make[1]: Entering directory '/media/linaro/OpenCV/OpenCV/opencv/opencv-3.2.0/release/CMakeFiles/CMakeTmp'
Building C object CMakeFiles/cmTC_d6af4.dir/CheckIncludeFile.c.o
/usr/bin/cc    -fsigned-char -W -Wall -Werror=return-type -Werror=non-virtual-dtor -Werror=address -Werror=sequence-point -Wformat -Werror=format-security -Wmissing-declarations -Wmissing-prototypes -Wstrict-prototypes -Wundef -Winit-self -Wpointer-arith -Wshadow -Wno-narrowing -Wno-comment -fdiagnostics-show-option -pthread -fomit-frame-pointer -ffunction-sections -fvisibility=hidden  -O3 -DNDEBUG   -o CMakeFiles/cmTC_d6af4.dir/CheckIncludeFile.c.o   -c /media/linaro/OpenCV/OpenCV/opencv/opencv-3.2.0/release/CMakeFiles/CMakeTmp/CheckIncludeFile.c
Linking C executable cmTC_d6af4
/usr/bin/cmake -E cmake_link_script CMakeFiles/cmTC_d6af4.dir/link.txt --verbose=1
/usr/bin/cc     -fsigned-char -W -Wall -Werror=return-type -Werror=non-virtual-dtor -Werror=address -Werror=sequence-point -Wformat -Werror=format-security -Wmissing-declarations -Wmissing-prototypes -Wstrict-prototypes -Wundef -Winit-self -Wpointer-arith -Wshadow -Wno-narrowing -Wno-comment -fdiagnostics-show-option -pthread -fomit-frame-pointer -ffunction-sections -fvisibility=hidden  -O3 -DNDEBUG    CMakeFiles/cmTC_d6af4.dir/CheckIncludeFile.c.o  -o cmTC_d6af4 -rdynamic 
make[1]: Leaving directory '/media/linaro/OpenCV/OpenCV/opencv/opencv-3.2.0/release/CMakeFiles/CMakeTmp'


Determining if the include file /usr/include/libpng/png.h exists passed with the following output:
Change Dir: /media/linaro/OpenCV/OpenCV/opencv/opencv-3.2.0/release/CMakeFiles/CMakeTmp

Run Build Command:"/usr/bin/make" "cmTC_52ccf/fast"
/usr/bin/make -f CMakeFiles/cmTC_52ccf.dir/build.make CMakeFiles/cmTC_52ccf.dir/build
make[1]: Entering directory '/media/linaro/OpenCV/OpenCV/opencv/opencv-3.2.0/release/CMakeFiles/CMakeTmp'
Building C object CMakeFiles/cmTC_52ccf.dir/CheckIncludeFile.c.o
/usr/bin/cc    -fsigned-char -W -Wall -Werror=return-type -Werror=non-virtual-dtor -Werror=address -Werror=sequence-point -Wformat -Werror=format-security -Wmissing-declarations -Wmissing-prototypes -Wstrict-prototypes -Wundef -Winit-self -Wpointer-arith -Wshadow -Wno-narrowing -Wno-comment -fdiagnostics-show-option -pthread -fomit-frame-pointer -ffunction-sections -fvisibility=hidden  -O3 -DNDEBUG   -o CMakeFiles/cmTC_52ccf.dir/CheckIncludeFile.c.o   -c /media/linaro/OpenCV/OpenCV/opencv/opencv-3.2.0/release/CMakeFiles/CMakeTmp/CheckIncludeFile.c
Linking C executable cmTC_52ccf
/usr/bin/cmake -E cmake_link_script CMakeFiles/cmTC_52ccf.dir/link.txt --verbose=1
/usr/bin/cc     -fsigned-char -W -Wall -Werror=return-type -Werror=non-virtual-dtor -Werror=address -Werror=sequence-point -Wformat -Werror=format-security -Wmissing-declarations -Wmissing-prototypes -Wstrict-prototypes -Wundef -Winit-self -Wpointer-arith -Wshadow -Wno-narrowing -Wno-comment -fdiagnostics-show-option -pthread -fomit-frame-pointer -ffunction-sections -fvisibility=hidden  -O3 -DNDEBUG    CMakeFiles/cmTC_52ccf.dir/CheckIncludeFile.c.o  -o cmTC_52ccf -rdynamic 
make[1]: Leaving directory '/media/linaro/OpenCV/OpenCV/opencv/opencv-3.2.0/release/CMakeFiles/CMakeTmp'


Determining if the include file linux/videodev2.h exists passed with the following output:
Change Dir: /media/linaro/OpenCV/OpenCV/opencv/opencv-3.2.0/release/CMakeFiles/CMakeTmp

Run Build Command:"/usr/bin/make" "cmTC_3c82c/fast"
/usr/bin/make -f CMakeFiles/cmTC_3c82c.dir/build.make CMakeFiles/cmTC_3c82c.dir/build
make[1]: Entering directory '/media/linaro/OpenCV/OpenCV/opencv/opencv-3.2.0/release/CMakeFiles/CMakeTmp'
Building C object CMakeFiles/cmTC_3c82c.dir/CheckIncludeFile.c.o
/usr/bin/cc    -fsigned-char -W -Wall -Werror=return-type -Werror=non-virtual-dtor -Werror=address -Werror=sequence-point -Wformat -Werror=format-security -Wmissing-declarations -Wmissing-prototypes -Wstrict-prototypes -Wundef -Winit-self -Wpointer-arith -Wshadow -Wno-narrowing -Wno-comment -fdiagnostics-show-option -pthread -fomit-frame-pointer -ffunction-sections -fvisibility=hidden  -O3 -DNDEBUG   -o CMakeFiles/cmTC_3c82c.dir/CheckIncludeFile.c.o   -c /media/linaro/OpenCV/OpenCV/opencv/opencv-3.2.0/release/CMakeFiles/CMakeTmp/CheckIncludeFile.c
Linking C executable cmTC_3c82c
/usr/bin/cmake -E cmake_link_script CMakeFiles/cmTC_3c82c.dir/link.txt --verbose=1
/usr/bin/cc     -fsigned-char -W -Wall -Werror=return-type -Werror=non-virtual-dtor -Werror=address -Werror=sequence-point -Wformat -Werror=format-security -Wmissing-declarations -Wmissing-prototypes -Wstrict-prototypes -Wundef -Winit-self -Wpointer-arith -Wshadow -Wno-narrowing -Wno-comment -fdiagnostics-show-option -pthread -fomit-frame-pointer -ffunction-sections -fvisibility=hidden  -O3 -DNDEBUG    CMakeFiles/cmTC_3c82c.dir/CheckIncludeFile.c.o  -o cmTC_3c82c -rdynamic 
make[1]: Leaving directory '/media/linaro/OpenCV/OpenCV/opencv/opencv-3.2.0/release/CMakeFiles/CMakeTmp'


Determining if the include file linux/videodev2.h exists passed with the following output:
Change Dir: /media/linaro/OpenCV/OpenCV/opencv/opencv-3.2.0/release/CMakeFiles/CMakeTmp

Run Build Command:"/usr/bin/make" "cmTC_25033/fast"
/usr/bin/make -f CMakeFiles/cmTC_25033.dir/build.make CMakeFiles/cmTC_25033.dir/build
make[1]: Entering directory '/media/linaro/OpenCV/OpenCV/opencv/opencv-3.2.0/release/CMakeFiles/CMakeTmp'
Building C object CMakeFiles/cmTC_25033.dir/CheckIncludeFile.c.o
/usr/bin/cc    -fsigned-char -W -Wall -Werror=return-type -Werror=non-virtual-dtor -Werror=address -Werror=sequence-point -Wformat -Werror=format-security -Wmissing-declarations -Wmissing-prototypes -Wstrict-prototypes -Wundef -Winit-self -Wpointer-arith -Wshadow -Wno-narrowing -Wno-comment -fdiagnostics-show-option -pthread -fomit-frame-pointer -ffunction-sections -fvisibility=hidden  -O3 -DNDEBUG   -o CMakeFiles/cmTC_25033.dir/CheckIncludeFile.c.o   -c /media/linaro/OpenCV/OpenCV/opencv/opencv-3.2.0/release/CMakeFiles/CMakeTmp/CheckIncludeFile.c
Linking C executable cmTC_25033
/usr/bin/cmake -E cmake_link_script CMakeFiles/cmTC_25033.dir/link.txt --verbose=1
/usr/bin/cc     -fsigned-char -W -Wall -Werror=return-type -Werror=non-virtual-dtor -Werror=address -Werror=sequence-point -Wformat -Werror=format-security -Wmissing-declarations -Wmissing-prototypes -Wstrict-prototypes -Wundef -Winit-self -Wpointer-arith -Wshadow -Wno-narrowing -Wno-comment -fdiagnostics-show-option -pthread -fomit-frame-pointer -ffunction-sections -fvisibility=hidden  -O3 -DNDEBUG    CMakeFiles/cmTC_25033.dir/CheckIncludeFile.c.o  -o cmTC_25033 -rdynamic 
make[1]: Leaving directory '/media/linaro/OpenCV/OpenCV/opencv/opencv-3.2.0/release/CMakeFiles/CMakeTmp'


